# JRE version: Java(TM) SE Runtime Environment (8.0_221-b11) (build 1.8.0_221-b11)
# Java VM: Java HotSpot(TM) 64-Bit Server VM (25.221-b11 mixed mode windows-amd64 compressed oops)
Heap:
 PSYoungGen      total 366592K, used 312541K [0x00000000d5d80000, 0x00000000eda00000, 0x0000000100000000)
  eden space 356864K, 87% used [0x00000000d5d80000,0x00000000e8eb75a0,0x00000000eba00000)
  from space 9728K, 0% used [0x00000000eba00000,0x00000000eba00000,0x00000000ec380000)
  to   space 16384K, 35% used [0x00000000eca00000,0x00000000ecfb6f70,0x00000000eda00000)
 ParOldGen       total 86528K, used 53183K [0x0000000081800000, 0x0000000086c80000, 0x00000000d5d80000)
  object space 86528K, 61% used [0x0000000081800000,0x0000000084beffd0,0x0000000086c80000)
 Metaspace       used 52277K, capacity 55254K, committed 55424K, reserved 1097728K
  class space    used 6963K, capacity 7512K, committed 7552K, reserved 1048576K
GC Heap History (10 events):
Event: 602.740 GC heap after
Heap after GC invocations=20 (full 5):
 PSYoungGen      total 369152K, used 0K [0x00000000d5d80000, 0x00000000edd00000, 0x0000000100000000)
  eden space 351232K, 0% used [0x00000000d5d80000,0x00000000d5d80000,0x00000000eb480000)
  from space 17920K, 0% used [0x00000000eb480000,0x00000000eb480000,0x00000000ec600000)
  to   space 17920K, 0% used [0x00000000ecb80000,0x00000000ecb80000,0x00000000edd00000)
 ParOldGen       total 86528K, used 39571K [0x0000000081800000, 0x0000000086c80000, 0x00000000d5d80000)
  object space 86528K, 45% used [0x0000000081800000,0x0000000083ea4e48,0x0000000086c80000)
 Metaspace       used 50193K, capacity 52562K, committed 52864K, reserved 1095680K
  class space    used 6779K, capacity 7187K, committed 7296K, reserved 1048576K
}
Event: 732.273 GC heap before
{Heap before GC invocations=21 (full 5):
 PSYoungGen      total 369152K, used 311068K [0x00000000d5d80000, 0x00000000edd00000, 0x0000000100000000)
  eden space 351232K, 88% used [0x00000000d5d80000,0x00000000e8d471c8,0x00000000eb480000)
  from space 17920K, 0% used [0x00000000eb480000,0x00000000eb480000,0x00000000ec600000)
  to   space 17920K, 0% used [0x00000000ecb80000,0x00000000ecb80000,0x00000000edd00000)
 ParOldGen       total 86528K, used 39571K [0x0000000081800000, 0x0000000086c80000, 0x00000000d5d80000)
  object space 86528K, 45% used [0x0000000081800000,0x0000000083ea4e48,0x0000000086c80000)
 Metaspace       used 50909K, capacity 53472K, committed 53760K, reserved 1095680K
  class space    used 6843K, capacity 7301K, committed 7424K, reserved 1048576K
Event: 732.300 GC heap after
Heap after GC invocations=21 (full 5):
 PSYoungGen      total 373760K, used 9550K [0x00000000d5d80000, 0x00000000edc00000, 0x0000000100000000)
  eden space 356864K, 0% used [0x00000000d5d80000,0x00000000d5d80000,0x00000000eba00000)
  from space 16896K, 56% used [0x00000000ecb80000,0x00000000ed4d3be8,0x00000000edc00000)
  to   space 17408K, 0% used [0x00000000eba00000,0x00000000eba00000,0x00000000ecb00000)
 ParOldGen       total 86528K, used 39579K [0x0000000081800000, 0x0000000086c80000, 0x00000000d5d80000)
  object space 86528K, 45% used [0x0000000081800000,0x0000000083ea6e48,0x0000000086c80000)
 Metaspace       used 50909K, capacity 53472K, committed 53760K, reserved 1095680K
  class space    used 6843K, capacity 7301K, committed 7424K, reserved 1048576K
}
Event: 732.300 GC heap before
{Heap before GC invocations=22 (full 6):
 PSYoungGen      total 373760K, used 9550K [0x00000000d5d80000, 0x00000000edc00000, 0x0000000100000000)
  eden space 356864K, 0% used [0x00000000d5d80000,0x00000000d5d80000,0x00000000eba00000)
  from space 16896K, 56% used [0x00000000ecb80000,0x00000000ed4d3be8,0x00000000edc00000)
  to   space 17408K, 0% used [0x00000000eba00000,0x00000000eba00000,0x00000000ecb00000)
 ParOldGen       total 86528K, used 39579K [0x0000000081800000, 0x0000000086c80000, 0x00000000d5d80000)
  object space 86528K, 45% used [0x0000000081800000,0x0000000083ea6e48,0x0000000086c80000)
 Metaspace       used 50909K, capacity 53472K, committed 53760K, reserved 1095680K
  class space    used 6843K, capacity 7301K, committed 7424K, reserved 1048576K
Event: 732.959 GC heap after
Heap after GC invocations=22 (full 6):
 PSYoungGen      total 373760K, used 0K [0x00000000d5d80000, 0x00000000edc00000, 0x0000000100000000)
  eden space 356864K, 0% used [0x00000000d5d80000,0x00000000d5d80000,0x00000000eba00000)
  from space 16896K, 0% used [0x00000000ecb80000,0x00000000ecb80000,0x00000000edc00000)
  to   space 17408K, 0% used [0x00000000eba00000,0x00000000eba00000,0x00000000ecb00000)
 ParOldGen       total 86528K, used 48205K [0x0000000081800000, 0x0000000086c80000, 0x00000000d5d80000)
  object space 86528K, 55% used [0x0000000081800000,0x00000000847134a0,0x0000000086c80000)
 Metaspace       used 50875K, capacity 53418K, committed 53760K, reserved 1095680K
  class space    used 6838K, capacity 7292K, committed 7424K, reserved 1048576K
}
Event: 912.840 GC heap before
{Heap before GC invocations=23 (full 6):
 PSYoungGen      total 373760K, used 315302K [0x00000000d5d80000, 0x00000000edc00000, 0x0000000100000000)
  eden space 356864K, 88% used [0x00000000d5d80000,0x00000000e9169bb8,0x00000000eba00000)
  from space 16896K, 0% used [0x00000000ecb80000,0x00000000ecb80000,0x00000000edc00000)
  to   space 17408K, 0% used [0x00000000eba00000,0x00000000eba00000,0x00000000ecb00000)
 ParOldGen       total 86528K, used 48205K [0x0000000081800000, 0x0000000086c80000, 0x00000000d5d80000)
  object space 86528K, 55% used [0x0000000081800000,0x00000000847134a0,0x0000000086c80000)
 Metaspace       used 51520K, capacity 54224K, committed 54272K, reserved 1095680K
  class space    used 6886K, capacity 7378K, committed 7424K, reserved 1048576K
Event: 912.868 GC heap after
Heap after GC invocations=23 (full 6):
 PSYoungGen      total 366592K, used 9486K [0x00000000d5d80000, 0x00000000eda00000, 0x0000000100000000)
  eden space 356864K, 0% used [0x00000000d5d80000,0x00000000d5d80000,0x00000000eba00000)
  from space 9728K, 97% used [0x00000000eba00000,0x00000000ec343be8,0x00000000ec380000)
  to   space 16384K, 0% used [0x00000000eca00000,0x00000000eca00000,0x00000000eda00000)
 ParOldGen       total 86528K, used 48213K [0x0000000081800000, 0x0000000086c80000, 0x00000000d5d80000)
  object space 86528K, 55% used [0x0000000081800000,0x00000000847154a0,0x0000000086c80000)
 Metaspace       used 51520K, capacity 54224K, committed 54272K, reserved 1095680K
  class space    used 6886K, capacity 7378K, committed 7424K, reserved 1048576K
}
Event: 912.868 GC heap before
{Heap before GC invocations=24 (full 7):
 PSYoungGen      total 366592K, used 9486K [0x00000000d5d80000, 0x00000000eda00000, 0x0000000100000000)
  eden space 356864K, 0% used [0x00000000d5d80000,0x00000000d5d80000,0x00000000eba00000)
  from space 9728K, 97% used [0x00000000eba00000,0x00000000ec343be8,0x00000000ec380000)
  to   space 16384K, 0% used [0x00000000eca00000,0x00000000eca00000,0x00000000eda00000)
 ParOldGen       total 86528K, used 48213K [0x0000000081800000, 0x0000000086c80000, 0x00000000d5d80000)
  object space 86528K, 55% used [0x0000000081800000,0x00000000847154a0,0x0000000086c80000)
 Metaspace       used 51520K, capacity 54224K, committed 54272K, reserved 1095680K
  class space    used 6886K, capacity 7378K, committed 7424K, reserved 1048576K
Event: 913.198 GC heap after
Heap after GC invocations=24 (full 7):
 PSYoungGen      total 366592K, used 0K [0x00000000d5d80000, 0x00000000eda00000, 0x0000000100000000)
  eden space 356864K, 0% used [0x00000000d5d80000,0x00000000d5d80000,0x00000000eba00000)
  from space 9728K, 0% used [0x00000000eba00000,0x00000000eba00000,0x00000000ec380000)
  to   space 16384K, 0% used [0x00000000eca00000,0x00000000eca00000,0x00000000eda00000)
 ParOldGen       total 86528K, used 53175K [0x0000000081800000, 0x0000000086c80000, 0x00000000d5d80000)
  object space 86528K, 61% used [0x0000000081800000,0x0000000084bedfd0,0x0000000086c80000)
 Metaspace       used 51486K, capacity 54170K, committed 54272K, reserved 1095680K
  class space    used 6881K, capacity 7369K, committed 7424K, reserved 1048576K
}
Event: 1049.098 GC heap before
{Heap before GC invocations=25 (full 7):
 PSYoungGen      total 366592K, used 312540K [0x00000000d5d80000, 0x00000000eda00000, 0x0000000100000000)
  eden space 356864K, 87% used [0x00000000d5d80000,0x00000000e8eb73c0,0x00000000eba00000)
  from space 9728K, 0% used [0x00000000eba00000,0x00000000eba00000,0x00000000ec380000)
  to   space 16384K, 0% used [0x00000000eca00000,0x00000000eca00000,0x00000000eda00000)
 ParOldGen       total 86528K, used 53175K [0x0000000081800000, 0x0000000086c80000, 0x00000000d5d80000)
  object space 86528K, 61% used [0x0000000081800000,0x0000000084bedfd0,0x0000000086c80000)
 Metaspace       used 52277K, capacity 55254K, committed 55424K, reserved 1097728K
  class space    used 6963K, capacity 7512K, committed 7552K, reserved 1048576K

